<?xml version="1.0" encoding="UTF-8"?>
<testsuite name="TestSuite" time="633.942" tests="3" errors="0" skipped="2" failures="1">
  <properties>
[...]
</properties>
  <testcase name="setup" classname="com.intebanking.testCases.TC_LoginTest_001" time="633.942">
    <failure message="session not created&#10;from timeout: Timed out receiving message from renderer: 600.000&#10;  (Session info: chrome=91.0.4472.123)&#10;Build info: version: &apos;3.14.0&apos;, revision: &apos;aacccce0&apos;, time: &apos;2018-08-02T20:19:58.91Z&apos;&#10;System info: host: &apos;DESKTOP-7PKFCKU&apos;, ip: &apos;192.168.176.1&apos;, os.name: &apos;Windows 10&apos;, os.arch: &apos;amd64&apos;, os.version: &apos;10.0&apos;, java.version: &apos;1.8.0_261&apos;&#10;Driver info: driver.version: ChromeDriver&#10;remote stacktrace: Backtrace:&#10;	Ordinal0 [0x009F3733+2504499]&#10;	Ordinal0 [0x0098C401+2081793]&#10;	Ordinal0 [0x00892628+1058344]&#10;	Ordinal0 [0x00884EBF+1003199]&#10;	Ordinal0 [0x00883EF9+999161]&#10;	Ordinal0 [0x008841B6+999862]&#10;	Ordinal0 [0x00883AA5+998053]&#10;	Ordinal0 [0x0088E6B4+1042100]&#10;	Ordinal0 [0x00883A61+997985]&#10;	Ordinal0 [0x00884986+1001862]&#10;	Ordinal0 [0x00883EF9+999161]&#10;	Ordinal0 [0x008841B6+999862]&#10;	Ordinal0 [0x00883AA5+998053]&#10;	Ordinal0 [0x0088C73A+1034042]&#10;	Ordinal0 [0x00883A61+997985]&#10;	Ordinal0 [0x00884986+1001862]&#10;	Ordinal0 [0x00883EF9+999161]&#10;	Ordinal0 [0x008841B6+999862]&#10;	Ordinal0 [0x00883AA5+998053]&#10;	Ordinal0 [0x0088A5E9+1025513]&#10;	Ordinal0 [0x00883A61+997985]&#10;	Ordinal0 [0x00884986+1001862]&#10;	Ordinal0 [0x00883EF9+999161]&#10;	Ordinal0 [0x008841B6+999862]&#10;	Ordinal0 [0x00883AA5+998053]&#10;	Ordinal0 [0x0088990C+1022220]&#10;	Ordinal0 [0x00883A61+997985]&#10;	Ordinal0 [0x00884986+1001862]&#10;	Ordinal0 [0x00883EF9+999161]&#10;	Ordinal0 [0x008841B6+999862]&#10;	Ordinal0 [0x00883AA5+998053]&#10;	Ordinal0 [0x0087F5DD+980445]&#10;	Ordinal0 [0x00883A61+997985]&#10;	Ordinal0 [0x00883800+997376]&#10;	Ordinal0 [0x00883599+996761]&#10;	Ordinal0 [0x00893830+1062960]&#10;	Ordinal0 [0x008DABB9+1354681]&#10;	Ordinal0 [0x008D97DA+1349594]&#10;	Ordinal0 [0x008D5D4B+1334603]&#10;	Ordinal0 [0x008B22B4+1188532]&#10;	Ordinal0 [0x008B3149+1192265]&#10;	GetHandleVerifier [0x00B6FB8C+1512252]&#10;	GetHandleVerifier [0x00C1B0DF+2214031]&#10;	GetHandleVerifier [0x00A74BC3+484211]&#10;	GetHandleVerifier [0x00A73E69+480793]&#10;	Ordinal0 [0x0099218D+2105741]&#10;	Ordinal0 [0x009966E8+2123496]&#10;	Ordinal0 [0x00996827+2123815]&#10;	Ordinal0 [0x0099FB73+2161523]&#10;	BaseThreadInitThunk [0x7582FA29+25]&#10;	RtlGetAppContainerNamedObjectPath [0x77977A9E+286]&#10;	RtlGetAppContainerNamedObjectPath [0x77977A6E+238]&#10;" type="org.openqa.selenium.SessionNotCreatedException"><![CDATA[org.openqa.selenium.SessionNotCreatedException: session not created
from timeout: Timed out receiving message from renderer: 600.000
  (Session info: chrome=91.0.4472.123)
Build info: version: '3.14.0', revision: 'aacccce0', time: '2018-08-02T20:19:58.91Z'
System info: host: 'DESKTOP-7PKFCKU', ip: '192.168.176.1', os.name: 'Windows 10', os.arch: 'amd64', os.version: '10.0', java.version: '1.8.0_261'
Driver info: driver.version: ChromeDriver
remote stacktrace: Backtrace:
	Ordinal0 [0x009F3733+2504499]
	Ordinal0 [0x0098C401+2081793]
	Ordinal0 [0x00892628+1058344]
	Ordinal0 [0x00884EBF+1003199]
	Ordinal0 [0x00883EF9+999161]
	Ordinal0 [0x008841B6+999862]
	Ordinal0 [0x00883AA5+998053]
	Ordinal0 [0x0088E6B4+1042100]
	Ordinal0 [0x00883A61+997985]
	Ordinal0 [0x00884986+1001862]
	Ordinal0 [0x00883EF9+999161]
	Ordinal0 [0x008841B6+999862]
	Ordinal0 [0x00883AA5+998053]
	Ordinal0 [0x0088C73A+1034042]
	Ordinal0 [0x00883A61+997985]
	Ordinal0 [0x00884986+1001862]
	Ordinal0 [0x00883EF9+999161]
	Ordinal0 [0x008841B6+999862]
	Ordinal0 [0x00883AA5+998053]
	Ordinal0 [0x0088A5E9+1025513]
	Ordinal0 [0x00883A61+997985]
	Ordinal0 [0x00884986+1001862]
	Ordinal0 [0x00883EF9+999161]
	Ordinal0 [0x008841B6+999862]
	Ordinal0 [0x00883AA5+998053]
	Ordinal0 [0x0088990C+1022220]
	Ordinal0 [0x00883A61+997985]
	Ordinal0 [0x00884986+1001862]
	Ordinal0 [0x00883EF9+999161]
	Ordinal0 [0x008841B6+999862]
	Ordinal0 [0x00883AA5+998053]
	Ordinal0 [0x0087F5DD+980445]
	Ordinal0 [0x00883A61+997985]
	Ordinal0 [0x00883800+997376]
	Ordinal0 [0x00883599+996761]
	Ordinal0 [0x00893830+1062960]
	Ordinal0 [0x008DABB9+1354681]
	Ordinal0 [0x008D97DA+1349594]
	Ordinal0 [0x008D5D4B+1334603]
	Ordinal0 [0x008B22B4+1188532]
	Ordinal0 [0x008B3149+1192265]
	GetHandleVerifier [0x00B6FB8C+1512252]
	GetHandleVerifier [0x00C1B0DF+2214031]
	GetHandleVerifier [0x00A74BC3+484211]
	GetHandleVerifier [0x00A73E69+480793]
	Ordinal0 [0x0099218D+2105741]
	Ordinal0 [0x009966E8+2123496]
	Ordinal0 [0x00996827+2123815]
	Ordinal0 [0x0099FB73+2161523]
	BaseThreadInitThunk [0x7582FA29+25]
	RtlGetAppContainerNamedObjectPath [0x77977A9E+286]
	RtlGetAppContainerNamedObjectPath [0x77977A6E+238]

	at sun.reflect.NativeConstructorAccessorImpl.newInstance0(Native Method)
	at sun.reflect.NativeConstructorAccessorImpl.newInstance(NativeConstructorAccessorImpl.java:62)
	at sun.reflect.DelegatingConstructorAccessorImpl.newInstance(DelegatingConstructorAccessorImpl.java:45)
	at java.lang.reflect.Constructor.newInstance(Constructor.java:423)
	at org.openqa.selenium.remote.W3CHandshakeResponse.lambda$new$0(W3CHandshakeResponse.java:57)
	at org.openqa.selenium.remote.W3CHandshakeResponse.lambda$getResponseFunction$2(W3CHandshakeResponse.java:104)
	at org.openqa.selenium.remote.ProtocolHandshake.lambda$createSession$0(ProtocolHandshake.java:122)
	at java.util.stream.ReferencePipeline$3$1.accept(ReferencePipeline.java:193)
	at java.util.Spliterators$ArraySpliterator.tryAdvance(Spliterators.java:958)
	at java.util.stream.ReferencePipeline.forEachWithCancel(ReferencePipeline.java:126)
	at java.util.stream.AbstractPipeline.copyIntoWithCancel(AbstractPipeline.java:499)
	at java.util.stream.AbstractPipeline.copyInto(AbstractPipeline.java:486)
	at java.util.stream.AbstractPipeline.wrapAndCopyInto(AbstractPipeline.java:472)
	at java.util.stream.FindOps$FindOp.evaluateSequential(FindOps.java:152)
	at java.util.stream.AbstractPipeline.evaluate(AbstractPipeline.java:234)
	at java.util.stream.ReferencePipeline.findFirst(ReferencePipeline.java:464)
	at org.openqa.selenium.remote.ProtocolHandshake.createSession(ProtocolHandshake.java:125)
	at org.openqa.selenium.remote.ProtocolHandshake.createSession(ProtocolHandshake.java:73)
	at org.openqa.selenium.remote.HttpCommandExecutor.execute(HttpCommandExecutor.java:136)
	at org.openqa.selenium.remote.service.DriverCommandExecutor.execute(DriverCommandExecutor.java:83)
	at org.openqa.selenium.remote.RemoteWebDriver.execute(RemoteWebDriver.java:548)
	at org.openqa.selenium.remote.RemoteWebDriver.startSession(RemoteWebDriver.java:212)
	at org.openqa.selenium.remote.RemoteWebDriver.<init>(RemoteWebDriver.java:130)
	at org.openqa.selenium.chrome.ChromeDriver.<init>(ChromeDriver.java:181)
	at org.openqa.selenium.chrome.ChromeDriver.<init>(ChromeDriver.java:168)
	at org.openqa.selenium.chrome.ChromeDriver.<init>(ChromeDriver.java:123)
	at com.intebanking.testCases.BaseClass.setup(BaseClass.java:43)
	at sun.reflect.NativeMethodAccessorImpl.invoke0(Native Method)
	at sun.reflect.NativeMethodAccessorImpl.invoke(NativeMethodAccessorImpl.java:62)
	at sun.reflect.DelegatingMethodAccessorImpl.invoke(DelegatingMethodAccessorImpl.java:43)
	at java.lang.reflect.Method.invoke(Method.java:498)
	at org.testng.internal.MethodInvocationHelper.invokeMethod(MethodInvocationHelper.java:124)
	at org.testng.internal.MethodInvocationHelper.invokeMethodConsideringTimeout(MethodInvocationHelper.java:59)
	at org.testng.internal.Invoker.invokeConfigurationMethod(Invoker.java:458)
	at org.testng.internal.Invoker.invokeConfigurations(Invoker.java:222)
	at org.testng.internal.Invoker.invokeConfigurations(Invoker.java:142)
	at org.testng.internal.TestMethodWorker.invokeBeforeClassMethods(TestMethodWorker.java:168)
	at org.testng.internal.TestMethodWorker.run(TestMethodWorker.java:105)
	at org.testng.TestRunner.privateRun(TestRunner.java:648)
	at org.testng.TestRunner.run(TestRunner.java:505)
	at org.testng.SuiteRunner.runTest(SuiteRunner.java:455)
	at org.testng.SuiteRunner.runSequentially(SuiteRunner.java:450)
	at org.testng.SuiteRunner.privateRun(SuiteRunner.java:415)
	at org.testng.SuiteRunner.run(SuiteRunner.java:364)
	at org.testng.SuiteRunnerWorker.runSuite(SuiteRunnerWorker.java:52)
	at org.testng.SuiteRunnerWorker.run(SuiteRunnerWorker.java:84)
	at org.testng.TestNG.runSuitesSequentially(TestNG.java:1208)
	at org.testng.TestNG.runSuitesLocally(TestNG.java:1137)
	at org.testng.TestNG.runSuites(TestNG.java:1049)
	at org.testng.TestNG.run(TestNG.java:1017)
	at org.apache.maven.surefire.testng.TestNGExecutor.run(TestNGExecutor.java:295)
	at org.apache.maven.surefire.testng.TestNGXmlTestSuite.execute(TestNGXmlTestSuite.java:84)
	at org.apache.maven.surefire.testng.TestNGProvider.invoke(TestNGProvider.java:90)
	at org.apache.maven.surefire.booter.ForkedBooter.invokeProviderInSameClassLoader(ForkedBooter.java:203)
	at org.apache.maven.surefire.booter.ForkedBooter.runSuitesInProcess(ForkedBooter.java:155)
	at org.apache.maven.surefire.booter.ForkedBooter.main(ForkedBooter.java:103)
]]></failure>
    <system-out><![CDATA[[TestNGContentHandler] [WARN] It is strongly recommended to add "<!DOCTYPE suite SYSTEM "http://testng.org/testng-1.0.dtd" >" at the top of your file, otherwise TestNG may fail or not work as expected.
]]></system-out>
    <system-err><![CDATA[log4j:WARN File option not set for appender [TTCC].
log4j:WARN Are you using FileAppender instead of ConsoleAppender?
Starting ChromeDriver 91.0.4472.101 (af52a90bf87030dd1523486a1cd3ae25c5d76c9b-refs/branch-heads/4472@{#1462}) on port 35185
Only local connections are allowed.
Please see https://chromedriver.chromium.org/security-considerations for suggestions on keeping ChromeDriver safe.
ChromeDriver was started successfully.
[1625428191.950][SEVERE]: Timed out receiving message from renderer: 600.000
]]></system-err>
  </testcase>
  <testcase name="loginTest" classname="com.intebanking.testCases.TC_LoginTest_001" time="0">
    <skipped/>
  </testcase>
  <testcase name="tearDown" classname="com.intebanking.testCases.TC_LoginTest_001" time="0">
    <skipped/>
  </testcase>
</testsuite>